0 info it worked if it ends with ok
1 verbose cli [ 'C:\\Program Files\\nodejs\\node.exe',
1 verbose cli   'C:\\Program Files\\nodejs\\node_modules\\npm\\bin\\npm-cli.js',
1 verbose cli   'run',
1 verbose cli   'dev' ]
2 info using npm@3.10.10
3 info using node@v6.11.2
4 verbose run-script [ 'predev', 'dev', 'postdev' ]
5 info lifecycle aulestudiounicam@1.0.0~predev: aulestudiounicam@1.0.0
6 silly lifecycle aulestudiounicam@1.0.0~predev: no script for predev, continuing
7 info lifecycle aulestudiounicam@1.0.0~dev: aulestudiounicam@1.0.0
8 verbose lifecycle aulestudiounicam@1.0.0~dev: unsafe-perm in lifecycle true
9 verbose lifecycle aulestudiounicam@1.0.0~dev: PATH: C:\Program Files\nodejs\node_modules\npm\bin\node-gyp-bin;D:\SYSTEM\Documents\GitHub\GestioneAuleStudioUnicam\server\node_modules\.bin;C:\Program Files (x86)\Cuminas\Document Express DjVu Plug-in\;C:\ProgramData\Oracle\Java\javapath;C:\Program Files\Common Files\microsoft shared\Windows Live;C:\Program Files (x86)\Common Files\Microsoft Shared\Windows Live;C:\Windows\System32;C:\Windows;C:\Windows\System32\wbem;C:\Windows\System32\WindowsPowerShell\v1.0\;C:\Program Files (x86)\Windows Live\Shared;C:\Program Files (x86)\QuickTime\QTSystem\;C:\Program Files (x86)\Java\jdk1.6.0_25\bin\;C:\Program Files (x86)\Calibre2\;C:\Program Files\dotnet\;C:\Program Files (x86)\Skype\Phone\;C:\Program Files\nodejs\;C:\TDM-GCC-64\bin;C:\Program Files (x86)\NVIDIA Corporation\PhysX\Common;C:\Program Files (x86)\Microsoft VS Code\bin;C:\Program Files\Git\cmd;C:\WINDOWS\system32;C:\WINDOWS;C:\WINDOWS\System32\Wbem;C:\WINDOWS\System32\WindowsPowerShell\v1.0\;C:\WINDOWS\System32\OpenSSH\;C:\Users\CALAMITA\AppData\Local\Programs\Python\Python37\Scripts\;C:\Users\CALAMITA\AppData\Local\Programs\Python\Python37\;C:\Program Files (x86)\Steam;C:\Program Files (x86)\Microsoft VS Code\bin;C:\Users\CALAMITA\AppData\Roaming\npm;C:\Users\CALAMITA\AppData\Local\Microsoft\WindowsApps;C:\Users\CALAMITA\AppData\Local\GitHubDesktop\bin;C:\Program Files\apache-maven-3.5.3\bin;C:\Ant\bin;
10 verbose lifecycle aulestudiounicam@1.0.0~dev: CWD: D:\SYSTEM\Documents\GitHub\GestioneAuleStudioUnicam\server
11 silly lifecycle aulestudiounicam@1.0.0~dev: Args: [ '/d /s /c', 'nodemon server.js' ]
12 verbose stack Error: kill ENOSYS
12 verbose stack     at exports._errnoException (util.js:1020:11)
12 verbose stack     at process.kill (internal/process.js:190:13)
12 verbose stack     at process.listener (C:\Program Files\nodejs\node_modules\npm\node_modules\npmlog\node_modules\gauge\node_modules\signal-exit\index.js:86:15)
12 verbose stack     at emitNone (events.js:91:20)
12 verbose stack     at process.emit (events.js:185:7)
12 verbose stack     at processEmit (C:\Program Files\nodejs\node_modules\npm\node_modules\npmlog\node_modules\gauge\node_modules\signal-exit\index.js:146:32)
12 verbose stack     at processEmit (C:\Program Files\nodejs\node_modules\npm\node_modules\npm-registry-client\node_modules\npmlog\node_modules\gauge\node_modules\signal-exit\index.js:146:32)
12 verbose stack     at Signal.wrap.onsignal (internal/process.js:217:44)
13 verbose cwd D:\SYSTEM\Documents\GitHub\GestioneAuleStudioUnicam\server
14 error Windows_NT 10.0.17134
15 error argv "C:\\Program Files\\nodejs\\node.exe" "C:\\Program Files\\nodejs\\node_modules\\npm\\bin\\npm-cli.js" "run" "dev"
16 error node v6.11.2
17 error npm  v3.10.10
18 error code ENOSYS
19 error errno ENOSYS
20 error syscall kill
21 error kill ENOSYS
22 error If you need help, you may report this error at:
22 error     <https://github.com/npm/npm/issues>
23 verbose exit [ 1, true ]
